<?xml version="1.0" encoding="UTF-8"?>
<!-- Generated by org.testng.reporters.JUnitReportReporter -->
<testsuite hostname="DESKTOP-0NVAA7R" failures="0" tests="1" name="com.tests.FirstTestCase" time="4.829" errors="0" timestamp="01 Oct 2022 08:10:30 GMT" skipped="0">
  <testcase classname="com.tests.FirstTestCase" name="launchURL" time="4.829"/>
</testsuite> <!-- com.tests.FirstTestCase -->
